Compiled jquery.js  (3ms)  (pid 12625)
Compiled jquery_ujs.js  (0ms)  (pid 12625)
Compiled getoff_infos.js  (375ms)  (pid 12625)
Compiled stations.js  (123ms)  (pid 12625)
Compiled users.js  (127ms)  (pid 12625)
Compiled application.js  (698ms)  (pid 12625)
Compiled getoff_infos.css  (4ms)  (pid 12625)
Compiled scaffolds.css  (12ms)  (pid 12625)
Compiled stations.css  (1ms)  (pid 12625)
Compiled users.css  (1ms)  (pid 12625)
Compiled application.css  (41ms)  (pid 12625)
Compiled jquery.js  (3ms)  (pid 12625)
Compiled jquery_ujs.js  (0ms)  (pid 12625)
Compiled getoff_infos.js  (133ms)  (pid 12625)
Compiled stations.js  (120ms)  (pid 12625)
Compiled users.js  (122ms)  (pid 12625)
Compiled application.js  (436ms)  (pid 12625)
Compiled getoff_infos.css  (4ms)  (pid 12625)
Compiled scaffolds.css  (12ms)  (pid 12625)
Compiled stations.css  (1ms)  (pid 12625)
Compiled users.css  (1ms)  (pid 12625)
Compiled application.css  (37ms)  (pid 12625)
Compiled jquery.js  (3ms)  (pid 12655)
Compiled jquery_ujs.js  (0ms)  (pid 12655)
Compiled getoff_infos.js  (130ms)  (pid 12655)
Compiled stations.js  (132ms)  (pid 12655)
Compiled users.js  (135ms)  (pid 12655)
Compiled application.js  (469ms)  (pid 12655)
Compiled getoff_infos.css  (4ms)  (pid 12655)
Compiled scaffolds.css  (13ms)  (pid 12655)
Compiled stations.css  (1ms)  (pid 12655)
Compiled users.css  (1ms)  (pid 12655)
Compiled application.css  (40ms)  (pid 12655)
Compiled jquery.js  (3ms)  (pid 12655)
Compiled jquery_ujs.js  (0ms)  (pid 12655)
Compiled getoff_infos.js  (133ms)  (pid 12655)
Compiled stations.js  (119ms)  (pid 12655)
Compiled users.js  (119ms)  (pid 12655)
Compiled application.js  (430ms)  (pid 12655)
Compiled getoff_infos.css  (4ms)  (pid 12655)
Compiled scaffolds.css  (12ms)  (pid 12655)
Compiled stations.css  (1ms)  (pid 12655)
Compiled users.css  (1ms)  (pid 12655)
Compiled application.css  (39ms)  (pid 12655)
Compiled jquery.js  (2ms)  (pid 62196)
Compiled jquery_ujs.js  (0ms)  (pid 62196)
Compiled getoff_infos.js  (511ms)  (pid 62196)
Compiled stations.js  (144ms)  (pid 62196)
Compiled users.js  (140ms)  (pid 62196)
Compiled application.js  (842ms)  (pid 62196)
Compiled getoff_infos.css  (17ms)  (pid 62196)
Compiled scaffolds.css  (14ms)  (pid 62196)
Compiled stations.css  (1ms)  (pid 62196)
Compiled users.css  (2ms)  (pid 62196)
Compiled application.css  (64ms)  (pid 62196)
Compiled jquery.js  (1ms)  (pid 62196)
Compiled jquery_ujs.js  (0ms)  (pid 62196)
Compiled getoff_infos.js  (177ms)  (pid 62196)
Compiled stations.js  (149ms)  (pid 62196)
Compiled users.js  (170ms)  (pid 62196)
Compiled application.js  (535ms)  (pid 62196)
Compiled getoff_infos.css  (10ms)  (pid 62196)
Compiled scaffolds.css  (8ms)  (pid 62196)
Compiled stations.css  (1ms)  (pid 62196)
Compiled users.css  (1ms)  (pid 62196)
Compiled application.css  (41ms)  (pid 62196)
